<?xml version="1.0" encoding="UTF-8"?>
<testng-results skipped="0" failed="0" total="1" passed="1">
  <reporter-output>
  </reporter-output>
  <suite name="Default suite" duration-ms="41" started-at="2019-07-08T11:15:46Z" finished-at="2019-07-08T11:15:46Z">
    <groups>
    </groups>
    <test name="Default test" duration-ms="41" started-at="2019-07-08T11:15:46Z" finished-at="2019-07-08T11:15:46Z">
      <class name="Testingprograms.NewTest">
        <test-method status="PASS" signature="beforeTest()[pri:0, instance:Testingprograms.NewTest@7946e1f4]" name="beforeTest" is-config="true" duration-ms="13" started-at="2019-07-08T16:45:46Z" finished-at="2019-07-08T16:45:46Z">
          <reporter-output>
          </reporter-output>
        </test-method> <!-- beforeTest -->
        <test-method status="PASS" signature="f()[pri:0, instance:Testingprograms.NewTest@7946e1f4]" name="f" duration-ms="6" started-at="2019-07-08T16:45:46Z" finished-at="2019-07-08T16:45:46Z">
          <reporter-output>
          </reporter-output>
        </test-method> <!-- f -->
        <test-method status="PASS" signature="afterTest()[pri:0, instance:Testingprograms.NewTest@7946e1f4]" name="afterTest" is-config="true" duration-ms="0" started-at="2019-07-08T16:45:46Z" finished-at="2019-07-08T16:45:46Z">
          <reporter-output>
          </reporter-output>
        </test-method> <!-- afterTest -->
      </class> <!-- Testingprograms.NewTest -->
    </test> <!-- Default test -->
  </suite> <!-- Default suite -->
</testng-results>
