<?xml version="1.0" encoding="UTF-8"?>
<!-- Generated by org.testng.reporters.JUnitXMLReporter -->
<testsuite hostname="Admin-PC" name="Test" tests="4" failures="0" timestamp="30 Jun 2019 11:38:50 GMT" time="0.065" errors="0">
  <testcase name="loginTC" time="0.016" classname="testscripts.Logintc"/>
  <testcase name="logoutTC" time="0.008" classname="testscripts.Logintc"/>
  <testcase name="BrowserTest" time="0.002" classname="testscripts.browsertest"/>
  <testcase name="test" time="0.001" classname="testscripts.test123"/>
</testsuite> <!-- Test -->
