<?xml version="1.0" encoding="UTF-8"?>
<testng-results skipped="0" failed="0" total="1" passed="1">
  <reporter-output>
  </reporter-output>
  <suite name="Default suite" duration-ms="48" started-at="2019-07-05T12:56:49Z" finished-at="2019-07-05T12:56:49Z">
    <groups>
    </groups>
    <test name="Default test" duration-ms="48" started-at="2019-07-05T12:56:49Z" finished-at="2019-07-05T12:56:49Z">
      <class name="testscripts.sum">
        <test-method status="PASS" signature="sumofnumbers()[pri:0, instance:testscripts.sum@3c09711b]" name="sumofnumbers" duration-ms="16" started-at="2019-07-05T18:26:49Z" finished-at="2019-07-05T18:26:49Z">
          <reporter-output>
          </reporter-output>
        </test-method> <!-- sumofnumbers -->
      </class> <!-- testscripts.sum -->
    </test> <!-- Default test -->
  </suite> <!-- Default suite -->
</testng-results>
