<?xml version="1.0" encoding="UTF-8"?>
<testng-results skipped="0" failed="0" total="1" passed="1">
  <reporter-output>
  </reporter-output>
  <suite name="Default suite" duration-ms="56" started-at="2019-06-30T14:20:15Z" finished-at="2019-06-30T14:20:15Z">
    <groups>
    </groups>
    <test name="Default test" duration-ms="56" started-at="2019-06-30T14:20:15Z" finished-at="2019-06-30T14:20:15Z">
      <class name="testscripts.test123">
        <test-method status="PASS" signature="test()[pri:0, instance:testscripts.test123@6276ae34]" name="test" duration-ms="20" started-at="2019-06-30T19:50:15Z" finished-at="2019-06-30T19:50:15Z">
          <reporter-output>
          </reporter-output>
        </test-method> <!-- test -->
      </class> <!-- testscripts.test123 -->
    </test> <!-- Default test -->
  </suite> <!-- Default suite -->
</testng-results>
